<?xml version="1.0" encoding="UTF-8"?>
<testsuite xmlns:xsi="http://www.w3.org/2001/XMLSchema-instance" xsi:noNamespaceSchemaLocation="https://maven.apache.org/surefire/maven-surefire-plugin/xsd/surefire-test-report.xsd" name="club.xianfu.XianfuNoteApplicationTests" time="7.634" tests="1" errors="0" skipped="0" failures="0">
  <properties>
    <property name="sun.desktop" value="windows"/>
    <property name="awt.toolkit" value="sun.awt.windows.WToolkit"/>
    <property name="file.encoding.pkg" value="sun.io"/>
    <property name="java.specification.version" value="1.8"/>
    <property name="sun.cpu.isalist" value="amd64"/>
    <property name="sun.jnu.encoding" value="GBK"/>
    <property name="java.class.path" value="E:\Project_flomo\target\test-classes;E:\Project_flomo\target\classes;E:\develop\maven_repository\repository\org\springframework\boot\spring-boot-starter-thymeleaf\2.5.2\spring-boot-starter-thymeleaf-2.5.2.jar;E:\develop\maven_repository\repository\org\springframework\boot\spring-boot-starter\2.5.2\spring-boot-starter-2.5.2.jar;E:\develop\maven_repository\repository\org\springframework\boot\spring-boot\2.5.2\spring-boot-2.5.2.jar;E:\develop\maven_repository\repository\org\springframework\boot\spring-boot-starter-logging\2.5.2\spring-boot-starter-logging-2.5.2.jar;E:\develop\maven_repository\repository\ch\qos\logback\logback-classic\1.2.3\logback-classic-1.2.3.jar;E:\develop\maven_repository\repository\ch\qos\logback\logback-core\1.2.3\logback-core-1.2.3.jar;E:\develop\maven_repository\repository\org\apache\logging\log4j\log4j-to-slf4j\2.14.1\log4j-to-slf4j-2.14.1.jar;E:\develop\maven_repository\repository\org\apache\logging\log4j\log4j-api\2.14.1\log4j-api-2.14.1.jar;E:\develop\maven_repository\repository\org\slf4j\jul-to-slf4j\1.7.31\jul-to-slf4j-1.7.31.jar;E:\develop\maven_repository\repository\jakarta\annotation\jakarta.annotation-api\1.3.5\jakarta.annotation-api-1.3.5.jar;E:\develop\maven_repository\repository\org\yaml\snakeyaml\1.28\snakeyaml-1.28.jar;E:\develop\maven_repository\repository\org\thymeleaf\thymeleaf-spring5\3.0.12.RELEASE\thymeleaf-spring5-3.0.12.RELEASE.jar;E:\develop\maven_repository\repository\org\thymeleaf\thymeleaf\3.0.12.RELEASE\thymeleaf-3.0.12.RELEASE.jar;E:\develop\maven_repository\repository\org\attoparser\attoparser\2.0.5.RELEASE\attoparser-2.0.5.RELEASE.jar;E:\develop\maven_repository\repository\org\unbescape\unbescape\1.1.6.RELEASE\unbescape-1.1.6.RELEASE.jar;E:\develop\maven_repository\repository\org\slf4j\slf4j-api\1.7.31\slf4j-api-1.7.31.jar;E:\develop\maven_repository\repository\org\thymeleaf\extras\thymeleaf-extras-java8time\3.0.4.RELEASE\thymeleaf-extras-java8time-3.0.4.RELEASE.jar;E:\develop\maven_repository\repository\org\springframework\boot\spring-boot-starter-web\2.5.2\spring-boot-starter-web-2.5.2.jar;E:\develop\maven_repository\repository\org\springframework\boot\spring-boot-starter-json\2.5.2\spring-boot-starter-json-2.5.2.jar;E:\develop\maven_repository\repository\com\fasterxml\jackson\core\jackson-databind\2.12.3\jackson-databind-2.12.3.jar;E:\develop\maven_repository\repository\com\fasterxml\jackson\core\jackson-annotations\2.12.3\jackson-annotations-2.12.3.jar;E:\develop\maven_repository\repository\com\fasterxml\jackson\core\jackson-core\2.12.3\jackson-core-2.12.3.jar;E:\develop\maven_repository\repository\com\fasterxml\jackson\datatype\jackson-datatype-jdk8\2.12.3\jackson-datatype-jdk8-2.12.3.jar;E:\develop\maven_repository\repository\com\fasterxml\jackson\datatype\jackson-datatype-jsr310\2.12.3\jackson-datatype-jsr310-2.12.3.jar;E:\develop\maven_repository\repository\com\fasterxml\jackson\module\jackson-module-parameter-names\2.12.3\jackson-module-parameter-names-2.12.3.jar;E:\develop\maven_repository\repository\org\springframework\boot\spring-boot-starter-tomcat\2.5.2\spring-boot-starter-tomcat-2.5.2.jar;E:\develop\maven_repository\repository\org\apache\tomcat\embed\tomcat-embed-core\9.0.48\tomcat-embed-core-9.0.48.jar;E:\develop\maven_repository\repository\org\apache\tomcat\embed\tomcat-embed-el\9.0.48\tomcat-embed-el-9.0.48.jar;E:\develop\maven_repository\repository\org\apache\tomcat\embed\tomcat-embed-websocket\9.0.48\tomcat-embed-websocket-9.0.48.jar;E:\develop\maven_repository\repository\org\springframework\spring-web\5.3.8\spring-web-5.3.8.jar;E:\develop\maven_repository\repository\org\springframework\spring-webmvc\5.3.8\spring-webmvc-5.3.8.jar;E:\develop\maven_repository\repository\org\springframework\boot\spring-boot-starter-test\2.5.2\spring-boot-starter-test-2.5.2.jar;E:\develop\maven_repository\repository\org\springframework\boot\spring-boot-test\2.5.2\spring-boot-test-2.5.2.jar;E:\develop\maven_repository\repository\org\springframework\boot\spring-boot-test-autoconfigure\2.5.2\spring-boot-test-autoconfigure-2.5.2.jar;E:\develop\maven_repository\repository\com\jayway\jsonpath\json-path\2.5.0\json-path-2.5.0.jar;E:\develop\maven_repository\repository\net\minidev\json-smart\2.4.7\json-smart-2.4.7.jar;E:\develop\maven_repository\repository\net\minidev\accessors-smart\2.4.7\accessors-smart-2.4.7.jar;E:\develop\maven_repository\repository\org\ow2\asm\asm\9.1\asm-9.1.jar;E:\develop\maven_repository\repository\jakarta\xml\bind\jakarta.xml.bind-api\2.3.3\jakarta.xml.bind-api-2.3.3.jar;E:\develop\maven_repository\repository\jakarta\activation\jakarta.activation-api\1.2.2\jakarta.activation-api-1.2.2.jar;E:\develop\maven_repository\repository\org\assertj\assertj-core\3.19.0\assertj-core-3.19.0.jar;E:\develop\maven_repository\repository\org\hamcrest\hamcrest\2.2\hamcrest-2.2.jar;E:\develop\maven_repository\repository\org\junit\jupiter\junit-jupiter\5.7.2\junit-jupiter-5.7.2.jar;E:\develop\maven_repository\repository\org\junit\jupiter\junit-jupiter-api\5.7.2\junit-jupiter-api-5.7.2.jar;E:\develop\maven_repository\repository\org\apiguardian\apiguardian-api\1.1.0\apiguardian-api-1.1.0.jar;E:\develop\maven_repository\repository\org\opentest4j\opentest4j\1.2.0\opentest4j-1.2.0.jar;E:\develop\maven_repository\repository\org\junit\platform\junit-platform-commons\1.7.2\junit-platform-commons-1.7.2.jar;E:\develop\maven_repository\repository\org\junit\jupiter\junit-jupiter-params\5.7.2\junit-jupiter-params-5.7.2.jar;E:\develop\maven_repository\repository\org\junit\jupiter\junit-jupiter-engine\5.7.2\junit-jupiter-engine-5.7.2.jar;E:\develop\maven_repository\repository\org\junit\platform\junit-platform-engine\1.7.2\junit-platform-engine-1.7.2.jar;E:\develop\maven_repository\repository\org\mockito\mockito-core\3.9.0\mockito-core-3.9.0.jar;E:\develop\maven_repository\repository\net\bytebuddy\byte-buddy\1.10.22\byte-buddy-1.10.22.jar;E:\develop\maven_repository\repository\net\bytebuddy\byte-buddy-agent\1.10.22\byte-buddy-agent-1.10.22.jar;E:\develop\maven_repository\repository\org\objenesis\objenesis\3.2\objenesis-3.2.jar;E:\develop\maven_repository\repository\org\mockito\mockito-junit-jupiter\3.9.0\mockito-junit-jupiter-3.9.0.jar;E:\develop\maven_repository\repository\org\skyscreamer\jsonassert\1.5.0\jsonassert-1.5.0.jar;E:\develop\maven_repository\repository\com\vaadin\external\google\android-json\0.0.20131108.vaadin1\android-json-0.0.20131108.vaadin1.jar;E:\develop\maven_repository\repository\org\springframework\spring-core\5.3.8\spring-core-5.3.8.jar;E:\develop\maven_repository\repository\org\springframework\spring-jcl\5.3.8\spring-jcl-5.3.8.jar;E:\develop\maven_repository\repository\org\springframework\spring-test\5.3.8\spring-test-5.3.8.jar;E:\develop\maven_repository\repository\org\xmlunit\xmlunit-core\2.8.2\xmlunit-core-2.8.2.jar;E:\develop\maven_repository\repository\org\projectlombok\lombok\1.16.10\lombok-1.16.10.jar;E:\develop\maven_repository\repository\org\springframework\spring-context\5.3.8\spring-context-5.3.8.jar;E:\develop\maven_repository\repository\org\springframework\spring-aop\5.3.8\spring-aop-5.3.8.jar;E:\develop\maven_repository\repository\org\springframework\spring-beans\5.3.8\spring-beans-5.3.8.jar;E:\develop\maven_repository\repository\org\springframework\spring-expression\5.3.8\spring-expression-5.3.8.jar;E:\develop\maven_repository\repository\mysql\mysql-connector-java\8.0.25\mysql-connector-java-8.0.25.jar;E:\develop\maven_repository\repository\org\mybatis\spring\boot\mybatis-spring-boot-starter\2.2.0\mybatis-spring-boot-starter-2.2.0.jar;E:\develop\maven_repository\repository\org\springframework\boot\spring-boot-starter-jdbc\2.5.2\spring-boot-starter-jdbc-2.5.2.jar;E:\develop\maven_repository\repository\com\zaxxer\HikariCP\4.0.3\HikariCP-4.0.3.jar;E:\develop\maven_repository\repository\org\springframework\spring-jdbc\5.3.8\spring-jdbc-5.3.8.jar;E:\develop\maven_repository\repository\org\springframework\spring-tx\5.3.8\spring-tx-5.3.8.jar;E:\develop\maven_repository\repository\org\mybatis\spring\boot\mybatis-spring-boot-autoconfigure\2.2.0\mybatis-spring-boot-autoconfigure-2.2.0.jar;E:\develop\maven_repository\repository\org\mybatis\mybatis\3.5.7\mybatis-3.5.7.jar;E:\develop\maven_repository\repository\org\mybatis\mybatis-spring\2.0.6\mybatis-spring-2.0.6.jar;E:\develop\maven_repository\repository\com\baomidou\mybatis-plus-boot-starter\3.4.3\mybatis-plus-boot-starter-3.4.3.jar;E:\develop\maven_repository\repository\com\baomidou\mybatis-plus\3.4.3\mybatis-plus-3.4.3.jar;E:\develop\maven_repository\repository\com\baomidou\mybatis-plus-extension\3.4.3\mybatis-plus-extension-3.4.3.jar;E:\develop\maven_repository\repository\com\baomidou\mybatis-plus-core\3.4.3\mybatis-plus-core-3.4.3.jar;E:\develop\maven_repository\repository\com\baomidou\mybatis-plus-annotation\3.4.3\mybatis-plus-annotation-3.4.3.jar;E:\develop\maven_repository\repository\com\github\jsqlparser\jsqlparser\4.0\jsqlparser-4.0.jar;E:\develop\maven_repository\repository\org\springframework\boot\spring-boot-autoconfigure\2.5.2\spring-boot-autoconfigure-2.5.2.jar;E:\develop\maven_repository\repository\com\squareup\okhttp3\okhttp\3.14.9\okhttp-3.14.9.jar;E:\develop\maven_repository\repository\com\squareup\okio\okio\1.17.2\okio-1.17.2.jar;E:\develop\maven_repository\repository\org\apache\commons\commons-lang3\3.12.0\commons-lang3-3.12.0.jar;"/>
    <property name="java.vm.vendor" value="Oracle Corporation"/>
    <property name="sun.arch.data.model" value="64"/>
    <property name="user.variant" value=""/>
    <property name="java.vendor.url" value="http://java.oracle.com/"/>
    <property name="user.timezone" value="Asia/Shanghai"/>
    <property name="java.vm.specification.version" value="1.8"/>
    <property name="os.name" value="Windows 10"/>
    <property name="user.country" value="CN"/>
    <property name="sun.java.launcher" value="SUN_STANDARD"/>
    <property name="sun.boot.library.path" value="C:\Java\jre\bin"/>
    <property name="sun.java.command" value="C:\Users\win10\AppData\Local\Temp\surefire279763738921273868\surefirebooter4855575436698852348.jar C:\Users\win10\AppData\Local\Temp\surefire279763738921273868 2021-07-18T13-24-53_227-jvmRun1 surefire7318533987378959762tmp surefire_07820635680355123111tmp"/>
    <property name="surefire.test.class.path" value="E:\Project_flomo\target\test-classes;E:\Project_flomo\target\classes;E:\develop\maven_repository\repository\org\springframework\boot\spring-boot-starter-thymeleaf\2.5.2\spring-boot-starter-thymeleaf-2.5.2.jar;E:\develop\maven_repository\repository\org\springframework\boot\spring-boot-starter\2.5.2\spring-boot-starter-2.5.2.jar;E:\develop\maven_repository\repository\org\springframework\boot\spring-boot\2.5.2\spring-boot-2.5.2.jar;E:\develop\maven_repository\repository\org\springframework\boot\spring-boot-starter-logging\2.5.2\spring-boot-starter-logging-2.5.2.jar;E:\develop\maven_repository\repository\ch\qos\logback\logback-classic\1.2.3\logback-classic-1.2.3.jar;E:\develop\maven_repository\repository\ch\qos\logback\logback-core\1.2.3\logback-core-1.2.3.jar;E:\develop\maven_repository\repository\org\apache\logging\log4j\log4j-to-slf4j\2.14.1\log4j-to-slf4j-2.14.1.jar;E:\develop\maven_repository\repository\org\apache\logging\log4j\log4j-api\2.14.1\log4j-api-2.14.1.jar;E:\develop\maven_repository\repository\org\slf4j\jul-to-slf4j\1.7.31\jul-to-slf4j-1.7.31.jar;E:\develop\maven_repository\repository\jakarta\annotation\jakarta.annotation-api\1.3.5\jakarta.annotation-api-1.3.5.jar;E:\develop\maven_repository\repository\org\yaml\snakeyaml\1.28\snakeyaml-1.28.jar;E:\develop\maven_repository\repository\org\thymeleaf\thymeleaf-spring5\3.0.12.RELEASE\thymeleaf-spring5-3.0.12.RELEASE.jar;E:\develop\maven_repository\repository\org\thymeleaf\thymeleaf\3.0.12.RELEASE\thymeleaf-3.0.12.RELEASE.jar;E:\develop\maven_repository\repository\org\attoparser\attoparser\2.0.5.RELEASE\attoparser-2.0.5.RELEASE.jar;E:\develop\maven_repository\repository\org\unbescape\unbescape\1.1.6.RELEASE\unbescape-1.1.6.RELEASE.jar;E:\develop\maven_repository\repository\org\slf4j\slf4j-api\1.7.31\slf4j-api-1.7.31.jar;E:\develop\maven_repository\repository\org\thymeleaf\extras\thymeleaf-extras-java8time\3.0.4.RELEASE\thymeleaf-extras-java8time-3.0.4.RELEASE.jar;E:\develop\maven_repository\repository\org\springframework\boot\spring-boot-starter-web\2.5.2\spring-boot-starter-web-2.5.2.jar;E:\develop\maven_repository\repository\org\springframework\boot\spring-boot-starter-json\2.5.2\spring-boot-starter-json-2.5.2.jar;E:\develop\maven_repository\repository\com\fasterxml\jackson\core\jackson-databind\2.12.3\jackson-databind-2.12.3.jar;E:\develop\maven_repository\repository\com\fasterxml\jackson\core\jackson-annotations\2.12.3\jackson-annotations-2.12.3.jar;E:\develop\maven_repository\repository\com\fasterxml\jackson\core\jackson-core\2.12.3\jackson-core-2.12.3.jar;E:\develop\maven_repository\repository\com\fasterxml\jackson\datatype\jackson-datatype-jdk8\2.12.3\jackson-datatype-jdk8-2.12.3.jar;E:\develop\maven_repository\repository\com\fasterxml\jackson\datatype\jackson-datatype-jsr310\2.12.3\jackson-datatype-jsr310-2.12.3.jar;E:\develop\maven_repository\repository\com\fasterxml\jackson\module\jackson-module-parameter-names\2.12.3\jackson-module-parameter-names-2.12.3.jar;E:\develop\maven_repository\repository\org\springframework\boot\spring-boot-starter-tomcat\2.5.2\spring-boot-starter-tomcat-2.5.2.jar;E:\develop\maven_repository\repository\org\apache\tomcat\embed\tomcat-embed-core\9.0.48\tomcat-embed-core-9.0.48.jar;E:\develop\maven_repository\repository\org\apache\tomcat\embed\tomcat-embed-el\9.0.48\tomcat-embed-el-9.0.48.jar;E:\develop\maven_repository\repository\org\apache\tomcat\embed\tomcat-embed-websocket\9.0.48\tomcat-embed-websocket-9.0.48.jar;E:\develop\maven_repository\repository\org\springframework\spring-web\5.3.8\spring-web-5.3.8.jar;E:\develop\maven_repository\repository\org\springframework\spring-webmvc\5.3.8\spring-webmvc-5.3.8.jar;E:\develop\maven_repository\repository\org\springframework\boot\spring-boot-starter-test\2.5.2\spring-boot-starter-test-2.5.2.jar;E:\develop\maven_repository\repository\org\springframework\boot\spring-boot-test\2.5.2\spring-boot-test-2.5.2.jar;E:\develop\maven_repository\repository\org\springframework\boot\spring-boot-test-autoconfigure\2.5.2\spring-boot-test-autoconfigure-2.5.2.jar;E:\develop\maven_repository\repository\com\jayway\jsonpath\json-path\2.5.0\json-path-2.5.0.jar;E:\develop\maven_repository\repository\net\minidev\json-smart\2.4.7\json-smart-2.4.7.jar;E:\develop\maven_repository\repository\net\minidev\accessors-smart\2.4.7\accessors-smart-2.4.7.jar;E:\develop\maven_repository\repository\org\ow2\asm\asm\9.1\asm-9.1.jar;E:\develop\maven_repository\repository\jakarta\xml\bind\jakarta.xml.bind-api\2.3.3\jakarta.xml.bind-api-2.3.3.jar;E:\develop\maven_repository\repository\jakarta\activation\jakarta.activation-api\1.2.2\jakarta.activation-api-1.2.2.jar;E:\develop\maven_repository\repository\org\assertj\assertj-core\3.19.0\assertj-core-3.19.0.jar;E:\develop\maven_repository\repository\org\hamcrest\hamcrest\2.2\hamcrest-2.2.jar;E:\develop\maven_repository\repository\org\junit\jupiter\junit-jupiter\5.7.2\junit-jupiter-5.7.2.jar;E:\develop\maven_repository\repository\org\junit\jupiter\junit-jupiter-api\5.7.2\junit-jupiter-api-5.7.2.jar;E:\develop\maven_repository\repository\org\apiguardian\apiguardian-api\1.1.0\apiguardian-api-1.1.0.jar;E:\develop\maven_repository\repository\org\opentest4j\opentest4j\1.2.0\opentest4j-1.2.0.jar;E:\develop\maven_repository\repository\org\junit\platform\junit-platform-commons\1.7.2\junit-platform-commons-1.7.2.jar;E:\develop\maven_repository\repository\org\junit\jupiter\junit-jupiter-params\5.7.2\junit-jupiter-params-5.7.2.jar;E:\develop\maven_repository\repository\org\junit\jupiter\junit-jupiter-engine\5.7.2\junit-jupiter-engine-5.7.2.jar;E:\develop\maven_repository\repository\org\junit\platform\junit-platform-engine\1.7.2\junit-platform-engine-1.7.2.jar;E:\develop\maven_repository\repository\org\mockito\mockito-core\3.9.0\mockito-core-3.9.0.jar;E:\develop\maven_repository\repository\net\bytebuddy\byte-buddy\1.10.22\byte-buddy-1.10.22.jar;E:\develop\maven_repository\repository\net\bytebuddy\byte-buddy-agent\1.10.22\byte-buddy-agent-1.10.22.jar;E:\develop\maven_repository\repository\org\objenesis\objenesis\3.2\objenesis-3.2.jar;E:\develop\maven_repository\repository\org\mockito\mockito-junit-jupiter\3.9.0\mockito-junit-jupiter-3.9.0.jar;E:\develop\maven_repository\repository\org\skyscreamer\jsonassert\1.5.0\jsonassert-1.5.0.jar;E:\develop\maven_repository\repository\com\vaadin\external\google\android-json\0.0.20131108.vaadin1\android-json-0.0.20131108.vaadin1.jar;E:\develop\maven_repository\repository\org\springframework\spring-core\5.3.8\spring-core-5.3.8.jar;E:\develop\maven_repository\repository\org\springframework\spring-jcl\5.3.8\spring-jcl-5.3.8.jar;E:\develop\maven_repository\repository\org\springframework\spring-test\5.3.8\spring-test-5.3.8.jar;E:\develop\maven_repository\repository\org\xmlunit\xmlunit-core\2.8.2\xmlunit-core-2.8.2.jar;E:\develop\maven_repository\repository\org\projectlombok\lombok\1.16.10\lombok-1.16.10.jar;E:\develop\maven_repository\repository\org\springframework\spring-context\5.3.8\spring-context-5.3.8.jar;E:\develop\maven_repository\repository\org\springframework\spring-aop\5.3.8\spring-aop-5.3.8.jar;E:\develop\maven_repository\repository\org\springframework\spring-beans\5.3.8\spring-beans-5.3.8.jar;E:\develop\maven_repository\repository\org\springframework\spring-expression\5.3.8\spring-expression-5.3.8.jar;E:\develop\maven_repository\repository\mysql\mysql-connector-java\8.0.25\mysql-connector-java-8.0.25.jar;E:\develop\maven_repository\repository\org\mybatis\spring\boot\mybatis-spring-boot-starter\2.2.0\mybatis-spring-boot-starter-2.2.0.jar;E:\develop\maven_repository\repository\org\springframework\boot\spring-boot-starter-jdbc\2.5.2\spring-boot-starter-jdbc-2.5.2.jar;E:\develop\maven_repository\repository\com\zaxxer\HikariCP\4.0.3\HikariCP-4.0.3.jar;E:\develop\maven_repository\repository\org\springframework\spring-jdbc\5.3.8\spring-jdbc-5.3.8.jar;E:\develop\maven_repository\repository\org\springframework\spring-tx\5.3.8\spring-tx-5.3.8.jar;E:\develop\maven_repository\repository\org\mybatis\spring\boot\mybatis-spring-boot-autoconfigure\2.2.0\mybatis-spring-boot-autoconfigure-2.2.0.jar;E:\develop\maven_repository\repository\org\mybatis\mybatis\3.5.7\mybatis-3.5.7.jar;E:\develop\maven_repository\repository\org\mybatis\mybatis-spring\2.0.6\mybatis-spring-2.0.6.jar;E:\develop\maven_repository\repository\com\baomidou\mybatis-plus-boot-starter\3.4.3\mybatis-plus-boot-starter-3.4.3.jar;E:\develop\maven_repository\repository\com\baomidou\mybatis-plus\3.4.3\mybatis-plus-3.4.3.jar;E:\develop\maven_repository\repository\com\baomidou\mybatis-plus-extension\3.4.3\mybatis-plus-extension-3.4.3.jar;E:\develop\maven_repository\repository\com\baomidou\mybatis-plus-core\3.4.3\mybatis-plus-core-3.4.3.jar;E:\develop\maven_repository\repository\com\baomidou\mybatis-plus-annotation\3.4.3\mybatis-plus-annotation-3.4.3.jar;E:\develop\maven_repository\repository\com\github\jsqlparser\jsqlparser\4.0\jsqlparser-4.0.jar;E:\develop\maven_repository\repository\org\springframework\boot\spring-boot-autoconfigure\2.5.2\spring-boot-autoconfigure-2.5.2.jar;E:\develop\maven_repository\repository\com\squareup\okhttp3\okhttp\3.14.9\okhttp-3.14.9.jar;E:\develop\maven_repository\repository\com\squareup\okio\okio\1.17.2\okio-1.17.2.jar;E:\develop\maven_repository\repository\org\apache\commons\commons-lang3\3.12.0\commons-lang3-3.12.0.jar;"/>
    <property name="sun.cpu.endian" value="little"/>
    <property name="user.home" value="C:\Users\win10"/>
    <property name="user.language" value="zh"/>
    <property name="java.specification.vendor" value="Oracle Corporation"/>
    <property name="java.home" value="C:\Java\jre"/>
    <property name="basedir" value="E:\Project_flomo"/>
    <property name="file.separator" value="\"/>
    <property name="line.separator" value="&#10;"/>
    <property name="java.vm.specification.vendor" value="Oracle Corporation"/>
    <property name="java.specification.name" value="Java Platform API Specification"/>
    <property name="java.awt.graphicsenv" value="sun.awt.Win32GraphicsEnvironment"/>
    <property name="surefire.real.class.path" value="C:\Users\win10\AppData\Local\Temp\surefire279763738921273868\surefirebooter4855575436698852348.jar"/>
    <property name="sun.boot.class.path" value="C:\Java\jre\lib\resources.jar;C:\Java\jre\lib\rt.jar;C:\Java\jre\lib\sunrsasign.jar;C:\Java\jre\lib\jsse.jar;C:\Java\jre\lib\jce.jar;C:\Java\jre\lib\charsets.jar;C:\Java\jre\lib\jfr.jar;C:\Java\jre\classes"/>
    <property name="user.script" value=""/>
    <property name="sun.management.compiler" value="HotSpot 64-Bit Tiered Compilers"/>
    <property name="java.runtime.version" value="1.8.0_202-b08"/>
    <property name="user.name" value="win10"/>
    <property name="path.separator" value=";"/>
    <property name="os.version" value="10.0"/>
    <property name="java.endorsed.dirs" value="C:\Java\jre\lib\endorsed"/>
    <property name="java.runtime.name" value="Java(TM) SE Runtime Environment"/>
    <property name="file.encoding" value="GBK"/>
    <property name="java.vm.name" value="Java HotSpot(TM) 64-Bit Server VM"/>
    <property name="localRepository" value="E:\develop\maven_repository\repository"/>
    <property name="java.vendor.url.bug" value="http://bugreport.sun.com/bugreport/"/>
    <property name="java.io.tmpdir" value="C:\Users\win10\AppData\Local\Temp\"/>
    <property name="idea.version" value="2021.1"/>
    <property name="java.version" value="1.8.0_202"/>
    <property name="user.dir" value="E:\Project_flomo"/>
    <property name="os.arch" value="amd64"/>
    <property name="java.vm.specification.name" value="Java Virtual Machine Specification"/>
    <property name="java.awt.printerjob" value="sun.awt.windows.WPrinterJob"/>
    <property name="sun.os.patch.level" value=""/>
    <property name="java.library.path" value="C:\Java\jre\bin;C:\WINDOWS\Sun\Java\bin;C:\WINDOWS\system32;C:\WINDOWS;C:\ProgramData\Oracle\Java\javapath;C:\WINDOWS\system32;C:\WINDOWS;C:\WINDOWS\System32\Wbem;C:\WINDOWS\System32\WindowsPowerShell\v1.0\;C:\WINDOWS\System32\OpenSSH\;C:\Program Files\MATLAB\MATLAB Runtime\v95\runtime\win64;C:\Program Files\MATLAB\R2014b\runtime\win64;C:\Program Files\MATLAB\R2014b\bin;C:\Program Files\MATLAB\R2014b\polyspace\bin;C:\Program Files\Java\jdk-9.0.4\bin;C:\Program Files\Java\jdk-9.0.4\jre\bin;E:\develop\db\bin;E:\develop\bin;E:\mysql\bin;C:\Program Files\MySQL\MySQL Server 5.5\bin;C:\Program Files\MATLAB\MATLAB Compiler Runtime\v84\runtime\win64;E:\develop\apache-maven-3.3.9\bin;C:\Program Files (x86)\NetSarang\Xshell 7\;C:\Users\win10\AppData\Local\Microsoft\WindowsApps;;."/>
    <property name="java.vm.info" value="mixed mode"/>
    <property name="java.vendor" value="Oracle Corporation"/>
    <property name="java.vm.version" value="25.202-b08"/>
    <property name="java.ext.dirs" value="C:\Java\jre\lib\ext;C:\WINDOWS\Sun\Java\lib\ext"/>
    <property name="sun.io.unicode.encoding" value="UnicodeLittle"/>
    <property name="java.class.version" value="52.0"/>
  </properties>
  <testcase name="contextLoads" classname="club.xianfu.XianfuNoteApplicationTests" time="0.505"/>
</testsuite>